\BOOKMARK [0][-]{part.1}{I Foundations of Statistical Mechanics}{}% 1
\BOOKMARK [1][-]{section.1}{Hamiltonian Dynamics}{part.1}% 2
\BOOKMARK [1][-]{section.2}{Idealization of the Measurement Process}{part.1}% 3
\BOOKMARK [1][-]{section.3}{Introduction to Thermodynamics}{part.1}% 4
\BOOKMARK [0][-]{part.2}{II Thermodynamics}{}% 5
\BOOKMARK [1][-]{section.4}{Non-Relativistic, Non-Interacting, Monoatomic Gas}{part.2}% 6
\BOOKMARK [1][-]{section.5}{Euler Relation}{part.2}% 7
\BOOKMARK [2][-]{subsection.5.1}{Recovering the Entropy or Energy from an Equation of State}{section.5}% 8
\BOOKMARK [2][-]{subsection.5.2}{EXAMPLE: Non-relativistic, Monoatomic, Non-interacting Gas}{section.5}% 9
\BOOKMARK [1][-]{section.6}{Minimum Energy Principle}{part.2}% 10
\BOOKMARK [1][-]{section.7}{Efficiency of Engines}{part.2}% 11
\BOOKMARK [1][-]{section.8}{Thermodynamic Stability}{part.2}% 12
\BOOKMARK [0][-]{part.3}{III Canonical Ensemble}{}% 13
\BOOKMARK [1][-]{section.9}{Equivalence with the Microcanonical Ensemble}{part.3}% 14
\BOOKMARK [1][-]{section.10}{Helmholtz Free Energy and the Partition Function}{part.3}% 15
\BOOKMARK [2][-]{subsection.10.1}{Legendre Transforms}{section.10}% 16
\BOOKMARK [3][-]{subsubsection.10.1.1}{EXAMPLE: Classical, Ideal, Non-Relativistic, Monoatomic Gas}{subsection.10.1}% 17
\BOOKMARK [3][-]{subsubsection.10.1.2}{EXAMPLE: Classical model of a Paramagnet}{subsection.10.1}% 18
\BOOKMARK [3][-]{subsubsection.10.1.3}{EXAMPLE: Classical Harmonic Oscillators and the Equipartition Theorem}{subsection.10.1}% 19
\BOOKMARK [3][-]{subsubsection.10.1.4}{EXAMPLE: Classical, Non-relativistic, Diatomic Gas}{subsection.10.1}% 20
\BOOKMARK [1][-]{section.11}{Quantum Statistical Mechanics}{part.3}% 21
\BOOKMARK [2][-]{subsection.11.1}{The Density Matrix}{section.11}% 22
\BOOKMARK [2][-]{subsection.11.2}{EXAMPLE: Quantum Harmonic Oscillator}{section.11}% 23
\BOOKMARK [2][-]{subsection.11.3}{EXAMPLE: Specific Heat of Molecular Gases}{section.11}% 24
\BOOKMARK [0][-]{part.4}{IV Quantum Gases}{}% 25
\BOOKMARK [1][-]{section.12}{Classical Limit}{part.4}% 26
\BOOKMARK [1][-]{section.13}{Ideal Fermi Gas}{part.4}% 27
\BOOKMARK [2][-]{subsubsection.13.0.1}{The Fermi Surface and the Sommerfeld Expansion}{section.13}% 28
\BOOKMARK [1][-]{section.14}{Ideal Bose Gas}{part.4}% 29
\BOOKMARK [1][-]{section.15}{Phonons}{part.4}% 30
\BOOKMARK [1][-]{section.16}{Photons and Blackbody Radiation}{part.4}% 31
\BOOKMARK [0][-]{part.5}{V Non-Ideal Systems}{}% 32
\BOOKMARK [1][-]{section.17}{Cluster Expansion}{part.5}% 33
